<?xml version="1.0" encoding="UTF-8"?>
<testng-results skipped="1" failed="0" total="1" passed="0">
  <reporter-output>
  </reporter-output>
  <suite name="Default suite" duration-ms="15700" started-at="2019-04-07T07:39:32Z" finished-at="2019-04-07T07:39:48Z">
    <groups>
    </groups>
    <test name="Default test" duration-ms="15700" started-at="2019-04-07T07:39:32Z" finished-at="2019-04-07T07:39:48Z">
      <class name="com.LOg4j.NewTest">
        <test-method status="PASS" signature="beforeLaunch2()[pri:0, instance:com.LOg4j.NewTest@380fb434]" name="beforeLaunch2" is-config="true" duration-ms="15650" started-at="2019-04-07T13:09:32Z" finished-at="2019-04-07T13:09:48Z">
          <reporter-output>
          </reporter-output>
        </test-method> <!-- beforeLaunch2 -->
        <test-method status="SKIP" signature="testDemo(java.lang.String, java.lang.String)[pri:0, instance:com.LOg4j.NewTest@380fb434]" name="testDemo" duration-ms="0" started-at="2019-04-07T13:09:48Z" data-provider="LoginProvider" finished-at="2019-04-07T13:09:48Z">
          <exception class="java.lang.RuntimeException">
            <message>
              <![CDATA[java.lang.NoSuchFieldError: RAW_XML_FILE_HEADER]]>
            </message>
            <full-stacktrace>
              <![CDATA[java.lang.RuntimeException: java.lang.NoSuchFieldError: RAW_XML_FILE_HEADER
	at org.testng.internal.MethodInvocationHelper.invokeDataProvider(MethodInvocationHelper.java:162)
	at org.testng.internal.Parameters.handleParameters(Parameters.java:441)
	at org.testng.internal.Invoker.handleParameters(Invoker.java:1303)
	at org.testng.internal.Invoker.createParameters(Invoker.java:1019)
	at org.testng.internal.Invoker.invokeTestMethods(Invoker.java:1108)
	at org.testng.internal.TestMethodWorker.invokeTestMethods(TestMethodWorker.java:124)
	at org.testng.internal.TestMethodWorker.run(TestMethodWorker.java:108)
	at org.testng.TestRunner.privateRun(TestRunner.java:771)
	at org.testng.TestRunner.run(TestRunner.java:621)
	at org.testng.SuiteRunner.runTest(SuiteRunner.java:357)
	at org.testng.SuiteRunner.runSequentially(SuiteRunner.java:352)
	at org.testng.SuiteRunner.privateRun(SuiteRunner.java:310)
	at org.testng.SuiteRunner.run(SuiteRunner.java:259)
	at org.testng.SuiteRunnerWorker.runSuite(SuiteRunnerWorker.java:52)
	at org.testng.SuiteRunnerWorker.run(SuiteRunnerWorker.java:86)
	at org.testng.TestNG.runSuitesSequentially(TestNG.java:1200)
	at org.testng.TestNG.runSuitesLocally(TestNG.java:1125)
	at org.testng.TestNG.run(TestNG.java:1033)
	at org.testng.remote.RemoteTestNG.run(RemoteTestNG.java:111)
	at org.testng.remote.RemoteTestNG.initAndRun(RemoteTestNG.java:204)
	at org.testng.remote.RemoteTestNG.main(RemoteTestNG.java:175)
Caused by: java.lang.NoSuchFieldError: RAW_XML_FILE_HEADER
	at org.apache.poi.poifs.filesystem.FileMagic.<clinit>(FileMagic.java:42)
	at org.apache.poi.ss.usermodel.WorkbookFactory.create(WorkbookFactory.java:175)
	at org.apache.poi.ss.usermodel.WorkbookFactory.create(WorkbookFactory.java:149)
	at com.LOg4j.NewTest.SearchProvider(NewTest.java:65)
	at com.LOg4j.NewTest.SearchProvider(NewTest.java:89)
	at sun.reflect.NativeMethodAccessorImpl.invoke0(Native Method)
	at sun.reflect.NativeMethodAccessorImpl.invoke(NativeMethodAccessorImpl.java:62)
	at sun.reflect.DelegatingMethodAccessorImpl.invoke(DelegatingMethodAccessorImpl.java:43)
	at java.lang.reflect.Method.invoke(Method.java:498)
	at org.testng.internal.MethodInvocationHelper.invokeMethod(MethodInvocationHelper.java:85)
	at org.testng.internal.MethodInvocationHelper.invokeDataProvider(MethodInvocationHelper.java:136)
	... 20 more
]]>
            </full-stacktrace>
          </exception> <!-- java.lang.RuntimeException -->
          <reporter-output>
          </reporter-output>
        </test-method> <!-- testDemo -->
      </class> <!-- com.LOg4j.NewTest -->
    </test> <!-- Default test -->
  </suite> <!-- Default suite -->
</testng-results>
